2019-07-18 05:59:13,355 p=3922 u=ansible |  PLAY [test] ***********************************************************************************************************************
2019-07-18 05:59:13,412 p=3922 u=ansible |  TASK [Gathering Facts] ************************************************************************************************************
2019-07-18 05:59:24,825 p=3922 u=ansible |  ok: [test2]
2019-07-18 05:59:27,485 p=3922 u=ansible |  ok: [test1]
2019-07-18 05:59:27,568 p=3922 u=ansible |  TASK [test : _load_from_Git] ******************************************************************************************************
2019-07-18 05:59:32,940 p=3922 u=ansible |  ok: [test1]
2019-07-18 05:59:33,026 p=3922 u=ansible |  TASK [test : _make_directory] *****************************************************************************************************
2019-07-18 05:59:38,640 p=3922 u=ansible |  changed: [test2]
2019-07-18 05:59:40,477 p=3922 u=ansible |  changed: [test1]
2019-07-18 05:59:40,497 p=3922 u=ansible |  RUNNING HANDLER [test : _create_file] *********************************************************************************************
2019-07-18 05:59:46,831 p=3922 u=ansible |  changed: [test2]
2019-07-18 05:59:48,203 p=3922 u=ansible |  changed: [test1]
2019-07-18 05:59:48,251 p=3922 u=ansible |  PLAY RECAP ************************************************************************************************************************
2019-07-18 05:59:48,255 p=3922 u=ansible |  test1                      : ok=4    changed=2    unreachable=0    failed=0    skipped=0    rescued=0    ignored=0   
2019-07-18 05:59:48,260 p=3922 u=ansible |  test2                      : ok=3    changed=2    unreachable=0    failed=0    skipped=0    rescued=0    ignored=0   
2019-07-18 06:02:00,326 p=4042 u=ansible |  ERROR! playbook entries must be either a valid play or an include statement

The error appears to be in '/home/ansible/ansible/site.yml': line 2, column 3, but may
be elsewhere in the file depending on the exact syntax problem.

The offending line appears to be:

---
- include test.yml
  ^ here

2019-07-18 06:02:46,861 p=4046 u=ansible |  [DEPRECATION WARNING]: 'include' for playbook includes. You should use 'import_playbook' instead. This feature will be removed in 
version 2.12. Deprecation warnings can be disabled by setting deprecation_warnings=False in ansible.cfg.
2019-07-18 06:02:48,393 p=4046 u=ansible |  PLAY [test] ***********************************************************************************************************************
2019-07-18 06:02:48,445 p=4046 u=ansible |  TASK [Gathering Facts] ************************************************************************************************************
2019-07-18 06:02:58,974 p=4046 u=ansible |  ok: [test2]
2019-07-18 06:03:01,596 p=4046 u=ansible |  ok: [test1]
2019-07-18 06:03:01,699 p=4046 u=ansible |  TASK [test : _load_from_Git] ******************************************************************************************************
2019-07-18 06:03:07,506 p=4046 u=ansible |  ok: [test1]
2019-07-18 06:03:07,594 p=4046 u=ansible |  TASK [test : _make_directory] *****************************************************************************************************
2019-07-18 06:03:13,032 p=4046 u=ansible |  changed: [test2]
2019-07-18 06:03:14,532 p=4046 u=ansible |  changed: [test1]
2019-07-18 06:03:14,553 p=4046 u=ansible |  RUNNING HANDLER [test : _create_file] *********************************************************************************************
2019-07-18 06:03:23,716 p=4046 u=ansible |  changed: [test2]
2019-07-18 06:03:27,159 p=4046 u=ansible |  changed: [test1]
2019-07-18 06:03:27,232 p=4046 u=ansible |  PLAY RECAP ************************************************************************************************************************
2019-07-18 06:03:27,235 p=4046 u=ansible |  test1                      : ok=4    changed=2    unreachable=0    failed=0    skipped=0    rescued=0    ignored=0   
2019-07-18 06:03:27,254 p=4046 u=ansible |  test2                      : ok=3    changed=2    unreachable=0    failed=0    skipped=0    rescued=0    ignored=0   
2019-07-18 06:04:32,948 p=4165 u=ansible |  PLAY [test] ***********************************************************************************************************************
2019-07-18 06:04:33,006 p=4165 u=ansible |  TASK [Gathering Facts] ************************************************************************************************************
2019-07-18 06:04:44,505 p=4165 u=ansible |  ok: [test2]
2019-07-18 06:04:47,690 p=4165 u=ansible |  ok: [test1]
2019-07-18 06:04:47,843 p=4165 u=ansible |  TASK [test : _load_from_Git] ******************************************************************************************************
2019-07-18 06:04:58,212 p=4165 u=ansible |  ok: [test1]
2019-07-18 06:04:58,322 p=4165 u=ansible |  TASK [test : _make_directory] *****************************************************************************************************
2019-07-18 06:05:05,078 p=4165 u=ansible |  ok: [test2]
2019-07-18 06:05:06,686 p=4165 u=ansible |  ok: [test1]
2019-07-18 06:05:06,730 p=4165 u=ansible |  PLAY RECAP ************************************************************************************************************************
2019-07-18 06:05:06,735 p=4165 u=ansible |  test1                      : ok=3    changed=0    unreachable=0    failed=0    skipped=0    rescued=0    ignored=0   
2019-07-18 06:05:06,738 p=4165 u=ansible |  test2                      : ok=2    changed=0    unreachable=0    failed=0    skipped=0    rescued=0    ignored=0   
